<?xml version="1.0" encoding="UTF-8"?>
<!-- Generated by org.testng.reporters.JUnitXMLReporter -->
<testsuite hostname="DESKTOP-902I00G" ignored="0" name="Test" tests="4" failures="0" timestamp="27 Feb 2019 07:39:33 GMT" time="0.038" errors="0">
  <testcase name="BrowserAutomation" time="0.007" classname="qaclickacademy.SeleniumTest"/>
  <testcase name="ElementsUi" time="0.0" classname="qaclickacademy.SeleniumTest"/>
  <testcase name="deleteTwitter" time="0.0" classname="qaclickacademy.RESTAPITest"/>
  <testcase name="postJira" time="0.0" classname="qaclickacademy.RESTAPITest"/>
</testsuite> <!-- Test -->
