<?xml version="1.0" encoding="UTF-8"?>
<testng-results skipped="0" failed="0" ignored="0" total="4" passed="4">
  <reporter-output>
  </reporter-output>
  <suite name="Suite" duration-ms="38" started-at="2019-02-27T07:39:33Z" finished-at="2019-02-27T07:39:33Z">
    <groups>
    </groups>
    <test name="Test" duration-ms="38" started-at="2019-02-27T07:39:33Z" finished-at="2019-02-27T07:39:33Z">
      <class name="qaclickacademy.RESTAPITest">
        <test-method status="PASS" signature="deleteTwitter()[pri:0, instance:qaclickacademy.RESTAPITest@62043840]" name="deleteTwitter" duration-ms="0" started-at="2019-02-27T13:09:33Z" finished-at="2019-02-27T13:09:33Z">
          <reporter-output>
          </reporter-output>
        </test-method> <!-- deleteTwitter -->
        <test-method status="PASS" signature="postJira()[pri:0, instance:qaclickacademy.RESTAPITest@62043840]" name="postJira" duration-ms="0" started-at="2019-02-27T13:09:33Z" finished-at="2019-02-27T13:09:33Z">
          <reporter-output>
          </reporter-output>
        </test-method> <!-- postJira -->
      </class> <!-- qaclickacademy.RESTAPITest -->
      <class name="qaclickacademy.SeleniumTest">
        <test-method status="PASS" signature="BrowserAutomation()[pri:0, instance:qaclickacademy.SeleniumTest@1324409e]" name="BrowserAutomation" duration-ms="7" started-at="2019-02-27T13:09:33Z" finished-at="2019-02-27T13:09:33Z">
          <reporter-output>
          </reporter-output>
        </test-method> <!-- BrowserAutomation -->
        <test-method status="PASS" signature="ElementsUi()[pri:0, instance:qaclickacademy.SeleniumTest@1324409e]" name="ElementsUi" duration-ms="0" started-at="2019-02-27T13:09:33Z" finished-at="2019-02-27T13:09:33Z">
          <reporter-output>
          </reporter-output>
        </test-method> <!-- ElementsUi -->
      </class> <!-- qaclickacademy.SeleniumTest -->
    </test> <!-- Test -->
  </suite> <!-- Suite -->
</testng-results>
